########### array before sorts ###########
0	2.500000	-40.000000	37.500000	-40.000000	n
1	37.500000	-40.000000	38.147048	-39.914815	n
2	38.147048	-39.914815	38.750000	-39.665064	n
3	38.750000	-39.665064	39.267767	-39.267767	n
4	39.267767	-39.267767	39.665064	-38.750000	n
5	39.665064	-38.750000	39.914815	-38.147048	n
6	39.914815	-38.147048	40.000000	-37.500000	n
7	40.000000	-37.500000	40.000000	-2.500000	n
8	40.000000	-2.500000	39.914815	-1.852952	n
9	39.914815	-1.852952	39.665064	-1.250000	n
10	39.665064	-1.250000	39.267767	-0.732233	n
11	39.267767	-0.732233	38.750000	-0.334936	n
12	38.750000	-0.334936	38.147048	-0.085185	n
13	38.147048	-0.085185	37.500000	0.000000	n
14	37.500000	0.000000	2.500000	0.000000	n
15	2.500000	0.000000	1.852952	-0.085185	n
16	1.852952	-0.085185	1.250000	-0.334936	n
17	1.250000	-0.334936	0.732233	-0.732233	n
18	0.732233	-0.732233	0.334936	-1.250000	n
19	0.334936	-1.250000	0.085185	-1.852952	n
20	0.085185	-1.852952	0.000000	-2.500000	n
21	0.000000	-2.500000	0.000000	-37.500000	n
22	0.000000	-37.500000	0.085185	-38.147048	n
23	0.085185	-38.147048	0.334936	-38.750000	n
24	0.334936	-38.750000	0.732233	-39.267767	n
25	0.732233	-39.267767	1.250000	-39.665064	n
26	1.250000	-39.665064	1.852952	-39.914815	n
27	1.852952	-39.914815	2.500000	-40.000000	n
Tolerance=0.050000.
*Exact match for i=0 and j=1.
*i point 2.500000	-40.000000	37.500000	-40.000000	y
*Exact match for i=1 and j=2.
*i point 37.500000	-40.000000	38.147048	-39.914815	y
*Exact match for i=2 and j=3.
*i point 38.147048	-39.914815	38.750000	-39.665064	y
*Exact match for i=3 and j=4.
*i point 38.750000	-39.665064	39.267767	-39.267767	y
*Exact match for i=4 and j=5.
*i point 39.267767	-39.267767	39.665064	-38.750000	y
*Exact match for i=5 and j=6.
*i point 39.665064	-38.750000	39.914815	-38.147048	y
*Exact match for i=6 and j=7.
*i point 39.914815	-38.147048	40.000000	-37.500000	y
*Exact match for i=7 and j=8.
*i point 40.000000	-37.500000	40.000000	-2.500000	y
*Exact match for i=8 and j=9.
*i point 40.000000	-2.500000	39.914815	-1.852952	y
*Exact match for i=9 and j=10.
*i point 39.914815	-1.852952	39.665064	-1.250000	y
*Exact match for i=10 and j=11.
*i point 39.665064	-1.250000	39.267767	-0.732233	y
*Exact match for i=11 and j=12.
*i point 39.267767	-0.732233	38.750000	-0.334936	y
*Exact match for i=12 and j=13.
*i point 38.750000	-0.334936	38.147048	-0.085185	y
*Exact match for i=13 and j=14.
*i point 38.147048	-0.085185	37.500000	0.000000	y
*Exact match for i=14 and j=15.
*i point 37.500000	0.000000	2.500000	0.000000	y
*Exact match for i=15 and j=16.
*i point 2.500000	0.000000	1.852952	-0.085185	y
*Exact match for i=16 and j=17.
*i point 1.852952	-0.085185	1.250000	-0.334936	y
*Exact match for i=17 and j=18.
*i point 1.250000	-0.334936	0.732233	-0.732233	y
*Exact match for i=18 and j=19.
*i point 0.732233	-0.732233	0.334936	-1.250000	y
*Exact match for i=19 and j=20.
*i point 0.334936	-1.250000	0.085185	-1.852952	y
*Exact match for i=20 and j=21.
*i point 0.085185	-1.852952	0.000000	-2.500000	y
*Exact match for i=21 and j=22.
*i point 0.000000	-2.500000	0.000000	-37.500000	y
*Exact match for i=22 and j=23.
*i point 0.000000	-37.500000	0.085185	-38.147048	y
*Exact match for i=23 and j=24.
*i point 0.085185	-38.147048	0.334936	-38.750000	y
*Exact match for i=24 and j=25.
*i point 0.334936	-38.750000	0.732233	-39.267767	y
*Exact match for i=25 and j=26.
*i point 0.732233	-39.267767	1.250000	-39.665064	y
*Exact match for i=26 and j=27.
*i point 1.250000	-39.665064	1.852952	-39.914815	y
########### array after sorts ###########
0	2.500000	-40.000000	37.500000	-40.000000	y
1	37.500000	-40.000000	38.147048	-39.914815	y
2	38.147048	-39.914815	38.750000	-39.665064	y
3	38.750000	-39.665064	39.267767	-39.267767	y
4	39.267767	-39.267767	39.665064	-38.750000	y
5	39.665064	-38.750000	39.914815	-38.147048	y
6	39.914815	-38.147048	40.000000	-37.500000	y
7	40.000000	-37.500000	40.000000	-2.500000	y
8	40.000000	-2.500000	39.914815	-1.852952	y
9	39.914815	-1.852952	39.665064	-1.250000	y
10	39.665064	-1.250000	39.267767	-0.732233	y
11	39.267767	-0.732233	38.750000	-0.334936	y
12	38.750000	-0.334936	38.147048	-0.085185	y
13	38.147048	-0.085185	37.500000	0.000000	y
14	37.500000	0.000000	2.500000	0.000000	y
15	2.500000	0.000000	1.852952	-0.085185	y
16	1.852952	-0.085185	1.250000	-0.334936	y
17	1.250000	-0.334936	0.732233	-0.732233	y
18	0.732233	-0.732233	0.334936	-1.250000	y
19	0.334936	-1.250000	0.085185	-1.852952	y
20	0.085185	-1.852952	0.000000	-2.500000	y
21	0.000000	-2.500000	0.000000	-37.500000	y
22	0.000000	-37.500000	0.085185	-38.147048	y
23	0.085185	-38.147048	0.334936	-38.750000	y
24	0.334936	-38.750000	0.732233	-39.267767	y
25	0.732233	-39.267767	1.250000	-39.665064	y
26	1.250000	-39.665064	1.852952	-39.914815	y
27	1.852952	-39.914815	2.500000	-40.000000	y
***************
.BOARD_OUTLINE UNOWNED
1.6
0     2.500000     -40.000000     0
0     37.500000     -40.000000     0
0     38.147048     -39.914815     0
0     38.750000     -39.665064     0
0     39.267767     -39.267767     0
0     39.665064     -38.750000     0
0     39.914815     -38.147048     0
0     40.000000     -37.500000     0
0     40.000000     -2.500000     0
0     39.914815     -1.852952     0
0     39.665064     -1.250000     0
0     39.267767     -0.732233     0
0     38.750000     -0.334936     0
0     38.147048     -0.085185     0
0     37.500000     0.000000     0
0     2.500000     0.000000     0
0     1.852952     -0.085185     0
0     1.250000     -0.334936     0
0     0.732233     -0.732233     0
0     0.334936     -1.250000     0
0     0.085185     -1.852952     0
0     0.000000     -2.500000     0
0     0.000000     -37.500000     0
0     0.085185     -38.147048     0
0     0.334936     -38.750000     0
0     0.732233     -39.267767     0
0     1.250000     -39.665064     0
0     1.852952     -39.914815     0
0     2.500000     -40.000000     0
